[2026-07-06T09:19:17.256+0000] {local_task_job_runner.py:123} INFO - ::group::Pre task execution logs
[2026-07-06T09:19:17.276+0000] {taskinstance.py:2603} INFO - Dependencies all met for dep_context=non-requeueable deps ti=<TaskInstance: real_estate_pipeline.dbt_run_silver manual__2026-07-06T09:18:39.072542+00:00 [queued]>
[2026-07-06T09:19:17.292+0000] {taskinstance.py:2603} INFO - Dependencies all met for dep_context=requeueable deps ti=<TaskInstance: real_estate_pipeline.dbt_run_silver manual__2026-07-06T09:18:39.072542+00:00 [queued]>
[2026-07-06T09:19:17.295+0000] {taskinstance.py:2856} INFO - Starting attempt 1 of 2
[2026-07-06T09:19:17.333+0000] {taskinstance.py:2879} INFO - Executing <Task(BashOperator): dbt_run_silver> on 2026-07-06 09:18:39.072542+00:00
[2026-07-06T09:19:17.341+0000] {standard_task_runner.py:72} INFO - Started process 106 to run task
[2026-07-06T09:19:17.348+0000] {standard_task_runner.py:104} INFO - Running: ['airflow', 'tasks', 'run', 'real_estate_pipeline', 'dbt_run_silver', 'manual__2026-07-06T09:18:39.072542+00:00', '--job-id', '15', '--raw', '--subdir', 'DAGS_FOLDER/dag.py', '--cfg-path', '/tmp/tmpnybuolw3']
[2026-07-06T09:19:17.352+0000] {standard_task_runner.py:105} INFO - Job 15: Subtask dbt_run_silver
[2026-07-06T09:19:17.462+0000] {task_command.py:467} INFO - Running <TaskInstance: real_estate_pipeline.dbt_run_silver manual__2026-07-06T09:18:39.072542+00:00 [running]> on host 50dc96d589c4
[2026-07-06T09:19:17.573+0000] {taskinstance.py:3122} INFO - Exporting env vars: AIRFLOW_CTX_DAG_OWNER='data-team' AIRFLOW_CTX_DAG_ID='real_estate_pipeline' AIRFLOW_CTX_TASK_ID='dbt_run_silver' AIRFLOW_CTX_EXECUTION_DATE='2026-07-06T09:18:39.072542+00:00' AIRFLOW_CTX_TRY_NUMBER='1' AIRFLOW_CTX_DAG_RUN_ID='manual__2026-07-06T09:18:39.072542+00:00'
[2026-07-06T09:19:17.576+0000] {taskinstance.py:731} INFO - ::endgroup::
[2026-07-06T09:19:17.598+0000] {subprocess.py:63} INFO - Tmp dir root location: /tmp
[2026-07-06T09:19:17.600+0000] {subprocess.py:75} INFO - Running command: ['/usr/bin/bash', '-c', 'cd /opt/airflow/dbt && dbt run --select silver --profiles-dir /opt/airflow/dbt']
[2026-07-06T09:19:17.612+0000] {subprocess.py:86} INFO - Output:
[2026-07-06T09:19:21.876+0000] {subprocess.py:93} INFO - [0m09:19:21  Running with dbt=1.8.8
[2026-07-06T09:19:24.157+0000] {subprocess.py:93} INFO - [0m09:19:24  Registered adapter: snowflake=1.8.4
[2026-07-06T09:19:24.613+0000] {subprocess.py:93} INFO - [0m09:19:24  [[33mWARNING[0m]: Configuration paths exist in your dbt_project.yml file which do not apply to any resources.
[2026-07-06T09:19:24.615+0000] {subprocess.py:93} INFO - There are 3 unused configuration paths:
[2026-07-06T09:19:24.616+0000] {subprocess.py:93} INFO - - models.real_estate.silver
[2026-07-06T09:19:24.617+0000] {subprocess.py:93} INFO - - models.real_estate
[2026-07-06T09:19:24.618+0000] {subprocess.py:93} INFO - - models.real_estate.gold
[2026-07-06T09:19:24.780+0000] {subprocess.py:93} INFO - [0m09:19:24  Found 454 macros
[2026-07-06T09:19:24.785+0000] {subprocess.py:93} INFO - [0m09:19:24  The selection criterion 'silver' does not match any enabled nodes
[2026-07-06T09:19:24.788+0000] {subprocess.py:93} INFO - [0m09:19:24
[2026-07-06T09:19:24.790+0000] {subprocess.py:93} INFO - [0m09:19:24  Nothing to do. Try checking your model configs and model specification args
[2026-07-06T09:19:26.403+0000] {subprocess.py:97} INFO - Command exited with return code 0
[2026-07-06T09:19:26.439+0000] {taskinstance.py:340} INFO - ::group::Post task execution logs
[2026-07-06T09:19:26.440+0000] {taskinstance.py:352} INFO - Marking task as SUCCESS. dag_id=real_estate_pipeline, task_id=dbt_run_silver, run_id=manual__2026-07-06T09:18:39.072542+00:00, execution_date=20260706T091839, start_date=20260706T091917, end_date=20260706T091926
[2026-07-06T09:19:26.472+0000] {local_task_job_runner.py:261} INFO - Task exited with return code 0
[2026-07-06T09:19:26.498+0000] {taskinstance.py:3891} INFO - 1 downstream tasks scheduled from follow-on schedule check
[2026-07-06T09:19:26.514+0000] {local_task_job_runner.py:240} INFO - ::endgroup::
