[2026-07-06T10:01:44.647+0000] {local_task_job_runner.py:123} INFO - ::group::Pre task execution logs
[2026-07-06T10:01:44.662+0000] {taskinstance.py:2603} INFO - Dependencies all met for dep_context=non-requeueable deps ti=<TaskInstance: real_estate_pipeline.dbt_run_silver manual__2026-07-06T10:01:11.179813+00:00 [queued]>
[2026-07-06T10:01:44.672+0000] {taskinstance.py:2603} INFO - Dependencies all met for dep_context=requeueable deps ti=<TaskInstance: real_estate_pipeline.dbt_run_silver manual__2026-07-06T10:01:11.179813+00:00 [queued]>
[2026-07-06T10:01:44.674+0000] {taskinstance.py:2856} INFO - Starting attempt 1 of 2
[2026-07-06T10:01:44.701+0000] {taskinstance.py:2879} INFO - Executing <Task(BashOperator): dbt_run_silver> on 2026-07-06 10:01:11.179813+00:00
[2026-07-06T10:01:44.708+0000] {standard_task_runner.py:72} INFO - Started process 321 to run task
[2026-07-06T10:01:44.714+0000] {standard_task_runner.py:104} INFO - Running: ['airflow', 'tasks', 'run', 'real_estate_pipeline', 'dbt_run_silver', 'manual__2026-07-06T10:01:11.179813+00:00', '--job-id', '26', '--raw', '--subdir', 'DAGS_FOLDER/dag.py', '--cfg-path', '/tmp/tmpo7w1o8q_']
[2026-07-06T10:01:44.719+0000] {standard_task_runner.py:105} INFO - Job 26: Subtask dbt_run_silver
[2026-07-06T10:01:44.783+0000] {task_command.py:467} INFO - Running <TaskInstance: real_estate_pipeline.dbt_run_silver manual__2026-07-06T10:01:11.179813+00:00 [running]> on host 50dc96d589c4
[2026-07-06T10:01:44.895+0000] {taskinstance.py:3122} INFO - Exporting env vars: AIRFLOW_CTX_DAG_OWNER='data-team' AIRFLOW_CTX_DAG_ID='real_estate_pipeline' AIRFLOW_CTX_TASK_ID='dbt_run_silver' AIRFLOW_CTX_EXECUTION_DATE='2026-07-06T10:01:11.179813+00:00' AIRFLOW_CTX_TRY_NUMBER='1' AIRFLOW_CTX_DAG_RUN_ID='manual__2026-07-06T10:01:11.179813+00:00'
[2026-07-06T10:01:44.897+0000] {taskinstance.py:731} INFO - ::endgroup::
[2026-07-06T10:01:44.916+0000] {subprocess.py:63} INFO - Tmp dir root location: /tmp
[2026-07-06T10:01:44.920+0000] {subprocess.py:75} INFO - Running command: ['/usr/bin/bash', '-c', 'cd /opt/airflow/dbt && dbt run --select silver --profiles-dir /opt/airflow/dbt']
[2026-07-06T10:01:44.930+0000] {subprocess.py:86} INFO - Output:
[2026-07-06T10:01:49.898+0000] {subprocess.py:93} INFO - [0m10:01:49  Running with dbt=1.8.8
[2026-07-06T10:01:51.776+0000] {subprocess.py:93} INFO - [0m10:01:51  Registered adapter: snowflake=1.8.4
[2026-07-06T10:01:52.397+0000] {subprocess.py:93} INFO - [0m10:01:52  [[33mWARNING[0m]: Configuration paths exist in your dbt_project.yml file which do not apply to any resources.
[2026-07-06T10:01:52.399+0000] {subprocess.py:93} INFO - There are 3 unused configuration paths:
[2026-07-06T10:01:52.400+0000] {subprocess.py:93} INFO - - models.real_estate
[2026-07-06T10:01:52.402+0000] {subprocess.py:93} INFO - - models.real_estate.silver
[2026-07-06T10:01:52.403+0000] {subprocess.py:93} INFO - - models.real_estate.gold
[2026-07-06T10:01:52.577+0000] {subprocess.py:93} INFO - [0m10:01:52  Found 454 macros
[2026-07-06T10:01:52.581+0000] {subprocess.py:93} INFO - [0m10:01:52  The selection criterion 'silver' does not match any enabled nodes
[2026-07-06T10:01:52.585+0000] {subprocess.py:93} INFO - [0m10:01:52
[2026-07-06T10:01:52.587+0000] {subprocess.py:93} INFO - [0m10:01:52  Nothing to do. Try checking your model configs and model specification args
[2026-07-06T10:01:54.191+0000] {subprocess.py:97} INFO - Command exited with return code 0
[2026-07-06T10:01:54.244+0000] {taskinstance.py:340} INFO - ::group::Post task execution logs
[2026-07-06T10:01:54.245+0000] {taskinstance.py:352} INFO - Marking task as SUCCESS. dag_id=real_estate_pipeline, task_id=dbt_run_silver, run_id=manual__2026-07-06T10:01:11.179813+00:00, execution_date=20260706T100111, start_date=20260706T100144, end_date=20260706T100154
[2026-07-06T10:01:54.299+0000] {local_task_job_runner.py:261} INFO - Task exited with return code 0
[2026-07-06T10:01:54.337+0000] {taskinstance.py:3891} INFO - 1 downstream tasks scheduled from follow-on schedule check
[2026-07-06T10:01:54.357+0000] {local_task_job_runner.py:240} INFO - ::endgroup::
