[2026-07-06T09:21:30.606+0000] {local_task_job_runner.py:123} INFO - ::group::Pre task execution logs
[2026-07-06T09:21:30.623+0000] {taskinstance.py:2603} INFO - Dependencies all met for dep_context=non-requeueable deps ti=<TaskInstance: real_estate_pipeline.dbt_run_gold manual__2026-07-06T09:20:41.679733+00:00 [queued]>
[2026-07-06T09:21:30.632+0000] {taskinstance.py:2603} INFO - Dependencies all met for dep_context=requeueable deps ti=<TaskInstance: real_estate_pipeline.dbt_run_gold manual__2026-07-06T09:20:41.679733+00:00 [queued]>
[2026-07-06T09:21:30.634+0000] {taskinstance.py:2856} INFO - Starting attempt 1 of 2
[2026-07-06T09:21:30.661+0000] {taskinstance.py:2879} INFO - Executing <Task(BashOperator): dbt_run_gold> on 2026-07-06 09:20:41.679733+00:00
[2026-07-06T09:21:30.667+0000] {standard_task_runner.py:72} INFO - Started process 208 to run task
[2026-07-06T09:21:30.674+0000] {standard_task_runner.py:104} INFO - Running: ['airflow', 'tasks', 'run', 'real_estate_pipeline', 'dbt_run_gold', 'manual__2026-07-06T09:20:41.679733+00:00', '--job-id', '23', '--raw', '--subdir', 'DAGS_FOLDER/dag.py', '--cfg-path', '/tmp/tmpmot7nrh9']
[2026-07-06T09:21:30.679+0000] {standard_task_runner.py:105} INFO - Job 23: Subtask dbt_run_gold
[2026-07-06T09:21:30.745+0000] {task_command.py:467} INFO - Running <TaskInstance: real_estate_pipeline.dbt_run_gold manual__2026-07-06T09:20:41.679733+00:00 [running]> on host 50dc96d589c4
[2026-07-06T09:21:30.886+0000] {taskinstance.py:3122} INFO - Exporting env vars: AIRFLOW_CTX_DAG_OWNER='data-team' AIRFLOW_CTX_DAG_ID='real_estate_pipeline' AIRFLOW_CTX_TASK_ID='dbt_run_gold' AIRFLOW_CTX_EXECUTION_DATE='2026-07-06T09:20:41.679733+00:00' AIRFLOW_CTX_TRY_NUMBER='1' AIRFLOW_CTX_DAG_RUN_ID='manual__2026-07-06T09:20:41.679733+00:00'
[2026-07-06T09:21:30.889+0000] {taskinstance.py:731} INFO - ::endgroup::
[2026-07-06T09:21:30.908+0000] {subprocess.py:63} INFO - Tmp dir root location: /tmp
[2026-07-06T09:21:30.910+0000] {subprocess.py:75} INFO - Running command: ['/usr/bin/bash', '-c', 'cd /opt/airflow/dbt && dbt run --select gold --profiles-dir /opt/airflow/dbt']
[2026-07-06T09:21:30.922+0000] {subprocess.py:86} INFO - Output:
[2026-07-06T09:21:35.672+0000] {subprocess.py:93} INFO - [0m09:21:35  Running with dbt=1.8.8
[2026-07-06T09:21:37.238+0000] {subprocess.py:93} INFO - [0m09:21:37  Registered adapter: snowflake=1.8.4
[2026-07-06T09:21:37.612+0000] {subprocess.py:93} INFO - [0m09:21:37  [[33mWARNING[0m]: Configuration paths exist in your dbt_project.yml file which do not apply to any resources.
[2026-07-06T09:21:37.614+0000] {subprocess.py:93} INFO - There are 3 unused configuration paths:
[2026-07-06T09:21:37.615+0000] {subprocess.py:93} INFO - - models.real_estate.gold
[2026-07-06T09:21:37.616+0000] {subprocess.py:93} INFO - - models.real_estate.silver
[2026-07-06T09:21:37.617+0000] {subprocess.py:93} INFO - - models.real_estate
[2026-07-06T09:21:37.793+0000] {subprocess.py:93} INFO - [0m09:21:37  Found 454 macros
[2026-07-06T09:21:37.797+0000] {subprocess.py:93} INFO - [0m09:21:37  The selection criterion 'gold' does not match any enabled nodes
[2026-07-06T09:21:37.802+0000] {subprocess.py:93} INFO - [0m09:21:37
[2026-07-06T09:21:37.804+0000] {subprocess.py:93} INFO - [0m09:21:37  Nothing to do. Try checking your model configs and model specification args
[2026-07-06T09:21:39.213+0000] {subprocess.py:97} INFO - Command exited with return code 0
[2026-07-06T09:21:39.273+0000] {taskinstance.py:340} INFO - ::group::Post task execution logs
[2026-07-06T09:21:39.275+0000] {taskinstance.py:352} INFO - Marking task as SUCCESS. dag_id=real_estate_pipeline, task_id=dbt_run_gold, run_id=manual__2026-07-06T09:20:41.679733+00:00, execution_date=20260706T092041, start_date=20260706T092130, end_date=20260706T092139
[2026-07-06T09:21:39.339+0000] {local_task_job_runner.py:261} INFO - Task exited with return code 0
[2026-07-06T09:21:39.359+0000] {taskinstance.py:3891} INFO - 1 downstream tasks scheduled from follow-on schedule check
[2026-07-06T09:21:39.373+0000] {local_task_job_runner.py:240} INFO - ::endgroup::
