[2026-07-06T09:18:46.320+0000] {local_task_job_runner.py:123} INFO - ::group::Pre task execution logs
[2026-07-06T09:18:46.373+0000] {taskinstance.py:2603} INFO - Dependencies all met for dep_context=non-requeueable deps ti=<TaskInstance: real_estate_pipeline.load_bronze manual__2026-07-06T09:18:39.072542+00:00 [queued]>
[2026-07-06T09:18:46.470+0000] {taskinstance.py:2603} INFO - Dependencies all met for dep_context=requeueable deps ti=<TaskInstance: real_estate_pipeline.load_bronze manual__2026-07-06T09:18:39.072542+00:00 [queued]>
[2026-07-06T09:18:46.474+0000] {taskinstance.py:2856} INFO - Starting attempt 1 of 2
[2026-07-06T09:18:46.540+0000] {taskinstance.py:2879} INFO - Executing <Task(PythonOperator): load_bronze> on 2026-07-06 09:18:39.072542+00:00
[2026-07-06T09:18:46.551+0000] {standard_task_runner.py:72} INFO - Started process 84 to run task
[2026-07-06T09:18:46.566+0000] {standard_task_runner.py:104} INFO - Running: ['airflow', 'tasks', 'run', 'real_estate_pipeline', 'load_bronze', 'manual__2026-07-06T09:18:39.072542+00:00', '--job-id', '13', '--raw', '--subdir', 'DAGS_FOLDER/dag.py', '--cfg-path', '/tmp/tmpab8hto4p']
[2026-07-06T09:18:46.571+0000] {standard_task_runner.py:105} INFO - Job 13: Subtask load_bronze
[2026-07-06T09:18:46.689+0000] {task_command.py:467} INFO - Running <TaskInstance: real_estate_pipeline.load_bronze manual__2026-07-06T09:18:39.072542+00:00 [running]> on host 50dc96d589c4
[2026-07-06T09:18:46.810+0000] {taskinstance.py:3122} INFO - Exporting env vars: AIRFLOW_CTX_DAG_OWNER='data-team' AIRFLOW_CTX_DAG_ID='real_estate_pipeline' AIRFLOW_CTX_TASK_ID='load_bronze' AIRFLOW_CTX_EXECUTION_DATE='2026-07-06T09:18:39.072542+00:00' AIRFLOW_CTX_TRY_NUMBER='1' AIRFLOW_CTX_DAG_RUN_ID='manual__2026-07-06T09:18:39.072542+00:00'
[2026-07-06T09:18:46.813+0000] {taskinstance.py:731} INFO - ::endgroup::
[2026-07-06T09:18:48.343+0000] {connection.py:414} INFO - Snowflake Connector for Python Version: 3.12.3, Python Version: 3.11.9, Platform: Linux-5.15.167.4-microsoft-standard-WSL2-x86_64-with-glibc2.36
[2026-07-06T09:18:48.344+0000] {connection.py:1197} INFO - Connecting to GLOBAL Snowflake domain
[2026-07-06T09:18:48.345+0000] {connection.py:1278} INFO - This connection is in OCSP Fail Open Mode. TLS Certificates would be checked for validity and revocation status. Any other Certificate Revocation related exceptions or OCSP Responder failures would be disregarded in favor of connectivity.
[2026-07-06T09:18:52.091+0000] {cursor.py:1166} INFO - Number of results in first chunk: 1
[2026-07-06T09:18:52.272+0000] {cursor.py:1166} INFO - Number of results in first chunk: 1
[2026-07-06T09:18:52.420+0000] {cursor.py:1166} INFO - Number of results in first chunk: 1
[2026-07-06T09:18:52.701+0000] {cursor.py:1166} INFO - Number of results in first chunk: 1
[2026-07-06T09:18:52.865+0000] {cursor.py:1166} INFO - Number of results in first chunk: 1
[2026-07-06T09:18:52.870+0000] {logging_mixin.py:190} INFO - Database créée.
[2026-07-06T09:18:52.874+0000] {logging_mixin.py:190} INFO - Schémas BRONZE, SILVER et GOLD créés.
[2026-07-06T09:18:53.042+0000] {cursor.py:1166} INFO - Number of results in first chunk: 1
[2026-07-06T09:18:53.075+0000] {logging_mixin.py:190} INFO - 2060 lignes trouvées.
[2026-07-06T09:18:53.577+0000] {cursor.py:1166} INFO - Number of results in first chunk: 1
[2026-07-06T09:18:53.584+0000] {logging_mixin.py:190} INFO - Table BRONZE.RAW_LISTINGS créée.
[2026-07-06T09:18:56.925+0000] {cursor.py:1166} INFO - Number of results in first chunk: 1
[2026-07-06T09:18:56.929+0000] {logging_mixin.py:190} INFO - 2060 lignes insérées.
[2026-07-06T09:18:56.935+0000] {connection.py:789} INFO - closed
[2026-07-06T09:18:57.083+0000] {connection.py:795} INFO - No async queries seem to be running, deleting session
[2026-07-06T09:18:57.194+0000] {logging_mixin.py:190} INFO - Connexion Snowflake fermée.
[2026-07-06T09:18:57.206+0000] {python.py:240} INFO - Done. Returned value was: None
[2026-07-06T09:18:57.234+0000] {taskinstance.py:340} INFO - ::group::Post task execution logs
[2026-07-06T09:18:57.239+0000] {taskinstance.py:352} INFO - Marking task as SUCCESS. dag_id=real_estate_pipeline, task_id=load_bronze, run_id=manual__2026-07-06T09:18:39.072542+00:00, execution_date=20260706T091839, start_date=20260706T091846, end_date=20260706T091857
[2026-07-06T09:18:57.362+0000] {local_task_job_runner.py:261} INFO - Task exited with return code 0
[2026-07-06T09:18:57.429+0000] {taskinstance.py:3891} INFO - 1 downstream tasks scheduled from follow-on schedule check
[2026-07-06T09:18:57.446+0000] {local_task_job_runner.py:240} INFO - ::endgroup::
