[2026-07-05T19:48:25.594+0000] {processor.py:186} INFO - Started process (PID=31) to work on /opt/airflow/dags/dag.py
[2026-07-05T19:48:25.597+0000] {processor.py:914} INFO - Processing file /opt/airflow/dags/dag.py for tasks to queue
[2026-07-05T19:48:25.603+0000] {logging_mixin.py:190} INFO - [2026-07-05T19:48:25.602+0000] {dagbag.py:587} INFO - Filling up the DagBag from /opt/airflow/dags/dag.py
[2026-07-05T19:48:25.712+0000] {processor.py:925} INFO - DAG(s) 'real_estate_pipeline' retrieved from /opt/airflow/dags/dag.py
[2026-07-05T19:48:26.268+0000] {logging_mixin.py:190} INFO - [2026-07-05T19:48:26.267+0000] {override.py:1858} INFO - Created Permission View: can read on DAG:real_estate_pipeline
[2026-07-05T19:48:26.302+0000] {logging_mixin.py:190} INFO - [2026-07-05T19:48:26.301+0000] {override.py:1858} INFO - Created Permission View: can edit on DAG:real_estate_pipeline
[2026-07-05T19:48:26.338+0000] {logging_mixin.py:190} INFO - [2026-07-05T19:48:26.337+0000] {override.py:1858} INFO - Created Permission View: can delete on DAG:real_estate_pipeline
[2026-07-05T19:48:26.339+0000] {logging_mixin.py:190} INFO - [2026-07-05T19:48:26.339+0000] {dag.py:3211} INFO - Sync 1 DAGs
[2026-07-05T19:48:26.362+0000] {logging_mixin.py:190} INFO - [2026-07-05T19:48:26.362+0000] {dag.py:3234} INFO - Creating ORM DAG for real_estate_pipeline
[2026-07-05T19:48:26.384+0000] {logging_mixin.py:190} INFO - [2026-07-05T19:48:26.384+0000] {dag.py:4138} INFO - Setting next_dagrun for real_estate_pipeline to 2026-07-04 00:00:00+00:00, run_after=2026-07-05 00:00:00+00:00
[2026-07-05T19:48:26.457+0000] {processor.py:208} INFO - Processing /opt/airflow/dags/dag.py took 0.877 seconds
[2026-07-05T19:48:57.273+0000] {processor.py:186} INFO - Started process (PID=37) to work on /opt/airflow/dags/dag.py
[2026-07-05T19:48:57.275+0000] {processor.py:914} INFO - Processing file /opt/airflow/dags/dag.py for tasks to queue
[2026-07-05T19:48:57.280+0000] {logging_mixin.py:190} INFO - [2026-07-05T19:48:57.279+0000] {dagbag.py:587} INFO - Filling up the DagBag from /opt/airflow/dags/dag.py
[2026-07-05T19:48:57.318+0000] {processor.py:925} INFO - DAG(s) 'real_estate_pipeline' retrieved from /opt/airflow/dags/dag.py
[2026-07-05T19:48:57.357+0000] {logging_mixin.py:190} INFO - [2026-07-05T19:48:57.357+0000] {dag.py:3211} INFO - Sync 1 DAGs
[2026-07-05T19:48:57.392+0000] {logging_mixin.py:190} INFO - [2026-07-05T19:48:57.391+0000] {dag.py:4138} INFO - Setting next_dagrun for real_estate_pipeline to 2026-07-04 00:00:00+00:00, run_after=2026-07-05 00:00:00+00:00
[2026-07-05T19:48:57.451+0000] {processor.py:208} INFO - Processing /opt/airflow/dags/dag.py took 0.188 seconds
[2026-07-05T19:49:28.109+0000] {processor.py:186} INFO - Started process (PID=54) to work on /opt/airflow/dags/dag.py
[2026-07-05T19:49:28.112+0000] {processor.py:914} INFO - Processing file /opt/airflow/dags/dag.py for tasks to queue
[2026-07-05T19:49:28.118+0000] {logging_mixin.py:190} INFO - [2026-07-05T19:49:28.117+0000] {dagbag.py:587} INFO - Filling up the DagBag from /opt/airflow/dags/dag.py
[2026-07-05T19:49:28.178+0000] {processor.py:925} INFO - DAG(s) 'real_estate_pipeline' retrieved from /opt/airflow/dags/dag.py
[2026-07-05T19:49:28.210+0000] {logging_mixin.py:190} INFO - [2026-07-05T19:49:28.210+0000] {dag.py:3211} INFO - Sync 1 DAGs
[2026-07-05T19:49:28.240+0000] {logging_mixin.py:190} INFO - [2026-07-05T19:49:28.240+0000] {dag.py:4138} INFO - Setting next_dagrun for real_estate_pipeline to 2026-07-04 00:00:00+00:00, run_after=2026-07-05 00:00:00+00:00
[2026-07-05T19:49:28.308+0000] {processor.py:208} INFO - Processing /opt/airflow/dags/dag.py took 0.217 seconds
[2026-07-05T19:49:58.632+0000] {processor.py:186} INFO - Started process (PID=55) to work on /opt/airflow/dags/dag.py
[2026-07-05T19:49:58.634+0000] {processor.py:914} INFO - Processing file /opt/airflow/dags/dag.py for tasks to queue
[2026-07-05T19:49:58.639+0000] {logging_mixin.py:190} INFO - [2026-07-05T19:49:58.639+0000] {dagbag.py:587} INFO - Filling up the DagBag from /opt/airflow/dags/dag.py
[2026-07-05T19:49:58.676+0000] {processor.py:925} INFO - DAG(s) 'real_estate_pipeline' retrieved from /opt/airflow/dags/dag.py
[2026-07-05T19:49:58.707+0000] {logging_mixin.py:190} INFO - [2026-07-05T19:49:58.707+0000] {dag.py:3211} INFO - Sync 1 DAGs
[2026-07-05T19:49:58.738+0000] {logging_mixin.py:190} INFO - [2026-07-05T19:49:58.737+0000] {dag.py:4138} INFO - Setting next_dagrun for real_estate_pipeline to 2026-07-04 00:00:00+00:00, run_after=2026-07-05 00:00:00+00:00
[2026-07-05T19:49:58.794+0000] {processor.py:208} INFO - Processing /opt/airflow/dags/dag.py took 0.172 seconds
[2026-07-05T19:50:29.288+0000] {processor.py:186} INFO - Started process (PID=56) to work on /opt/airflow/dags/dag.py
[2026-07-05T19:50:29.290+0000] {processor.py:914} INFO - Processing file /opt/airflow/dags/dag.py for tasks to queue
[2026-07-05T19:50:29.295+0000] {logging_mixin.py:190} INFO - [2026-07-05T19:50:29.294+0000] {dagbag.py:587} INFO - Filling up the DagBag from /opt/airflow/dags/dag.py
[2026-07-05T19:50:29.337+0000] {processor.py:925} INFO - DAG(s) 'real_estate_pipeline' retrieved from /opt/airflow/dags/dag.py
[2026-07-05T19:50:29.378+0000] {logging_mixin.py:190} INFO - [2026-07-05T19:50:29.378+0000] {dag.py:3211} INFO - Sync 1 DAGs
[2026-07-05T19:50:29.421+0000] {logging_mixin.py:190} INFO - [2026-07-05T19:50:29.421+0000] {dag.py:4138} INFO - Setting next_dagrun for real_estate_pipeline to 2026-07-04 00:00:00+00:00, run_after=2026-07-05 00:00:00+00:00
[2026-07-05T19:50:29.480+0000] {processor.py:208} INFO - Processing /opt/airflow/dags/dag.py took 0.206 seconds
[2026-07-05T19:51:00.049+0000] {processor.py:186} INFO - Started process (PID=57) to work on /opt/airflow/dags/dag.py
[2026-07-05T19:51:00.051+0000] {processor.py:914} INFO - Processing file /opt/airflow/dags/dag.py for tasks to queue
[2026-07-05T19:51:00.054+0000] {logging_mixin.py:190} INFO - [2026-07-05T19:51:00.054+0000] {dagbag.py:587} INFO - Filling up the DagBag from /opt/airflow/dags/dag.py
[2026-07-05T19:51:00.088+0000] {processor.py:925} INFO - DAG(s) 'real_estate_pipeline' retrieved from /opt/airflow/dags/dag.py
[2026-07-05T19:51:00.121+0000] {logging_mixin.py:190} INFO - [2026-07-05T19:51:00.120+0000] {dag.py:3211} INFO - Sync 1 DAGs
[2026-07-05T19:51:00.151+0000] {logging_mixin.py:190} INFO - [2026-07-05T19:51:00.150+0000] {dag.py:4138} INFO - Setting next_dagrun for real_estate_pipeline to 2026-07-04 00:00:00+00:00, run_after=2026-07-05 00:00:00+00:00
[2026-07-05T19:51:00.210+0000] {processor.py:208} INFO - Processing /opt/airflow/dags/dag.py took 0.170 seconds
