[2026-07-05T19:48:25.359+0000] {manager.py:483} INFO - Processing files using up to 1 processes at a time 
[2026-07-05T19:48:25.362+0000] {manager.py:484} INFO - Process each file at most once every 30 seconds
[2026-07-05T19:48:25.364+0000] {manager.py:485} INFO - Checking for new files in /opt/airflow/dags every 300 seconds
[2026-07-05T19:48:25.367+0000] {manager.py:821} INFO - Searching for files in /opt/airflow/dags
[2026-07-05T19:48:25.384+0000] {manager.py:824} INFO - There are 1 files in /opt/airflow/dags
[2026-07-05T19:48:26.548+0000] {manager.py:997} INFO - 
================================================================================
DAG File Processing Stats

File Path                 PID    Runtime      # DAGs    # Errors  Last Runtime    Last Run               Last # of DB Queries
------------------------  -----  ---------  --------  ----------  --------------  -------------------  ----------------------
/opt/airflow/dags/dag.py                           1           0  1.02s           2026-07-05T19:48:26                      24
================================================================================
[2026-07-05T19:48:57.547+0000] {manager.py:997} INFO - 
================================================================================
DAG File Processing Stats

File Path                 PID    Runtime      # DAGs    # Errors  Last Runtime    Last Run               Last # of DB Queries
------------------------  -----  ---------  --------  ----------  --------------  -------------------  ----------------------
/opt/airflow/dags/dag.py                           1           0  0.31s           2026-07-05T19:48:57                      12
================================================================================
[2026-07-05T19:49:28.351+0000] {manager.py:997} INFO - 
================================================================================
DAG File Processing Stats

File Path                 PID    Runtime      # DAGs    # Errors  Last Runtime    Last Run               Last # of DB Queries
------------------------  -----  ---------  --------  ----------  --------------  -------------------  ----------------------
/opt/airflow/dags/dag.py                           1           0  0.31s           2026-07-05T19:49:28                      12
================================================================================
[2026-07-05T19:49:58.806+0000] {manager.py:997} INFO - 
================================================================================
DAG File Processing Stats

File Path                 PID    Runtime      # DAGs    # Errors  Last Runtime    Last Run               Last # of DB Queries
------------------------  -----  ---------  --------  ----------  --------------  -------------------  ----------------------
/opt/airflow/dags/dag.py                           1           0  0.21s           2026-07-05T19:49:58                      12
================================================================================
[2026-07-05T19:50:29.536+0000] {manager.py:997} INFO - 
================================================================================
DAG File Processing Stats

File Path                 PID    Runtime      # DAGs    # Errors  Last Runtime    Last Run               Last # of DB Queries
------------------------  -----  ---------  --------  ----------  --------------  -------------------  ----------------------
/opt/airflow/dags/dag.py                           1           0  0.31s           2026-07-05T19:50:29                      12
================================================================================
[2026-07-05T19:51:00.225+0000] {manager.py:997} INFO - 
================================================================================
DAG File Processing Stats

File Path                 PID    Runtime      # DAGs    # Errors  Last Runtime    Last Run               Last # of DB Queries
------------------------  -----  ---------  --------  ----------  --------------  -------------------  ----------------------
/opt/airflow/dags/dag.py                           1           0  0.21s           2026-07-05T19:51:00                      12
================================================================================
[2026-07-05T19:51:23.805+0000] {manager.py:465} INFO - Exiting gracefully upon receiving signal 15
[2026-07-06T08:59:35.236+0000] {manager.py:483} INFO - Processing files using up to 1 processes at a time 
[2026-07-06T08:59:35.238+0000] {manager.py:484} INFO - Process each file at most once every 30 seconds
[2026-07-06T08:59:35.239+0000] {manager.py:485} INFO - Checking for new files in /opt/airflow/dags every 300 seconds
[2026-07-06T08:59:35.241+0000] {manager.py:821} INFO - Searching for files in /opt/airflow/dags
[2026-07-06T08:59:35.283+0000] {manager.py:824} INFO - There are 1 files in /opt/airflow/dags
[2026-07-06T08:59:36.221+0000] {manager.py:997} INFO - 
================================================================================
DAG File Processing Stats

File Path                 PID    Runtime      # DAGs    # Errors  Last Runtime    Last Run               Last # of DB Queries
------------------------  -----  ---------  --------  ----------  --------------  -------------------  ----------------------
/opt/airflow/dags/dag.py                           1           0  0.82s           2026-07-06T08:59:36                      22
================================================================================
[2026-07-06T09:00:07.045+0000] {manager.py:997} INFO - 
================================================================================
DAG File Processing Stats

File Path                 PID    Runtime      # DAGs    # Errors  Last Runtime    Last Run               Last # of DB Queries
------------------------  -----  ---------  --------  ----------  --------------  -------------------  ----------------------
/opt/airflow/dags/dag.py                           1           0  0.21s           2026-07-06T09:00:07                      12
================================================================================
[2026-07-06T09:00:37.523+0000] {manager.py:997} INFO - 
================================================================================
DAG File Processing Stats

File Path                 PID    Runtime      # DAGs    # Errors  Last Runtime    Last Run               Last # of DB Queries
------------------------  -----  ---------  --------  ----------  --------------  -------------------  ----------------------
/opt/airflow/dags/dag.py                           1           0  0.21s           2026-07-06T09:00:37                      12
================================================================================
[2026-07-06T09:01:08.358+0000] {manager.py:997} INFO - 
================================================================================
DAG File Processing Stats

File Path                 PID    Runtime      # DAGs    # Errors  Last Runtime    Last Run               Last # of DB Queries
------------------------  -----  ---------  --------  ----------  --------------  -------------------  ----------------------
/opt/airflow/dags/dag.py                           1           0  0.42s           2026-07-06T09:01:08                      12
================================================================================
[2026-07-06T09:01:39.554+0000] {manager.py:997} INFO - 
================================================================================
DAG File Processing Stats

File Path                 PID    Runtime      # DAGs    # Errors  Last Runtime    Last Run               Last # of DB Queries
------------------------  -----  ---------  --------  ----------  --------------  -------------------  ----------------------
/opt/airflow/dags/dag.py                           1           0  0.20s           2026-07-06T09:01:39                      12
================================================================================
[2026-07-06T09:02:10.599+0000] {manager.py:997} INFO - 
================================================================================
DAG File Processing Stats

File Path                 PID    Runtime      # DAGs    # Errors  Last Runtime    Last Run               Last # of DB Queries
------------------------  -----  ---------  --------  ----------  --------------  -------------------  ----------------------
/opt/airflow/dags/dag.py                           1           0  0.41s           2026-07-06T09:02:10                      12
================================================================================
[2026-07-06T09:02:41.485+0000] {manager.py:997} INFO - 
================================================================================
DAG File Processing Stats

File Path                 PID    Runtime      # DAGs    # Errors  Last Runtime    Last Run               Last # of DB Queries
------------------------  -----  ---------  --------  ----------  --------------  -------------------  ----------------------
/opt/airflow/dags/dag.py                           1           0  0.31s           2026-07-06T09:02:41                      12
================================================================================
[2026-07-06T09:03:12.093+0000] {manager.py:997} INFO - 
================================================================================
DAG File Processing Stats

File Path                 PID    Runtime      # DAGs    # Errors  Last Runtime    Last Run               Last # of DB Queries
------------------------  -----  ---------  --------  ----------  --------------  -------------------  ----------------------
/opt/airflow/dags/dag.py                           1           0  0.31s           2026-07-06T09:03:12                      12
================================================================================
[2026-07-06T09:03:42.841+0000] {manager.py:997} INFO - 
================================================================================
DAG File Processing Stats

File Path                 PID    Runtime      # DAGs    # Errors  Last Runtime    Last Run               Last # of DB Queries
------------------------  -----  ---------  --------  ----------  --------------  -------------------  ----------------------
/opt/airflow/dags/dag.py                           1           0  0.31s           2026-07-06T09:03:42                      12
================================================================================
[2026-07-06T09:04:13.477+0000] {manager.py:997} INFO - 
================================================================================
DAG File Processing Stats

File Path                 PID    Runtime      # DAGs    # Errors  Last Runtime    Last Run               Last # of DB Queries
------------------------  -----  ---------  --------  ----------  --------------  -------------------  ----------------------
/opt/airflow/dags/dag.py                           1           0  0.31s           2026-07-06T09:04:13                      12
================================================================================
[2026-07-06T09:04:35.392+0000] {manager.py:821} INFO - Searching for files in /opt/airflow/dags
[2026-07-06T09:04:35.462+0000] {manager.py:824} INFO - There are 1 files in /opt/airflow/dags
[2026-07-06T09:04:43.885+0000] {manager.py:997} INFO - 
================================================================================
DAG File Processing Stats

File Path                 PID    Runtime      # DAGs    # Errors  Last Runtime    Last Run               Last # of DB Queries
------------------------  -----  ---------  --------  ----------  --------------  -------------------  ----------------------
/opt/airflow/dags/dag.py                           1           0  0.21s           2026-07-06T09:04:43                      12
================================================================================
[2026-07-06T09:05:14.398+0000] {manager.py:997} INFO - 
================================================================================
DAG File Processing Stats

File Path                 PID    Runtime      # DAGs    # Errors  Last Runtime    Last Run               Last # of DB Queries
------------------------  -----  ---------  --------  ----------  --------------  -------------------  ----------------------
/opt/airflow/dags/dag.py                           1           0  0.21s           2026-07-06T09:05:14                      12
================================================================================
[2026-07-06T09:05:45.186+0000] {manager.py:997} INFO - 
================================================================================
DAG File Processing Stats

File Path                 PID    Runtime      # DAGs    # Errors  Last Runtime    Last Run               Last # of DB Queries
------------------------  -----  ---------  --------  ----------  --------------  -------------------  ----------------------
/opt/airflow/dags/dag.py                           1           0  0.32s           2026-07-06T09:05:45                      12
================================================================================
[2026-07-06T09:06:15.541+0000] {manager.py:997} INFO - 
================================================================================
DAG File Processing Stats

File Path                 PID    Runtime      # DAGs    # Errors  Last Runtime    Last Run               Last # of DB Queries
------------------------  -----  ---------  --------  ----------  --------------  -------------------  ----------------------
/opt/airflow/dags/dag.py                           1           0  0.31s           2026-07-06T09:06:15                      12
================================================================================
[2026-07-06T09:06:46.299+0000] {manager.py:997} INFO - 
================================================================================
DAG File Processing Stats

File Path                 PID    Runtime      # DAGs    # Errors  Last Runtime    Last Run               Last # of DB Queries
------------------------  -----  ---------  --------  ----------  --------------  -------------------  ----------------------
/opt/airflow/dags/dag.py                           1           0  0.31s           2026-07-06T09:06:46                      12
================================================================================
[2026-07-06T09:07:17.036+0000] {manager.py:997} INFO - 
================================================================================
DAG File Processing Stats

File Path                 PID    Runtime      # DAGs    # Errors  Last Runtime    Last Run               Last # of DB Queries
------------------------  -----  ---------  --------  ----------  --------------  -------------------  ----------------------
/opt/airflow/dags/dag.py                           1           0  0.31s           2026-07-06T09:07:17                      12
================================================================================
[2026-07-06T09:07:47.841+0000] {manager.py:997} INFO - 
================================================================================
DAG File Processing Stats

File Path                 PID    Runtime      # DAGs    # Errors  Last Runtime    Last Run               Last # of DB Queries
------------------------  -----  ---------  --------  ----------  --------------  -------------------  ----------------------
/opt/airflow/dags/dag.py                           1           0  0.31s           2026-07-06T09:07:47                      12
================================================================================
[2026-07-06T09:08:18.861+0000] {manager.py:997} INFO - 
================================================================================
DAG File Processing Stats

File Path                 PID    Runtime      # DAGs    # Errors  Last Runtime    Last Run               Last # of DB Queries
------------------------  -----  ---------  --------  ----------  --------------  -------------------  ----------------------
/opt/airflow/dags/dag.py                           1           0  0.31s           2026-07-06T09:08:18                      12
================================================================================
[2026-07-06T09:08:40.154+0000] {manager.py:465} INFO - Exiting gracefully upon receiving signal 15
[2026-07-06T09:09:25.143+0000] {manager.py:483} INFO - Processing files using up to 1 processes at a time 
[2026-07-06T09:09:25.145+0000] {manager.py:484} INFO - Process each file at most once every 30 seconds
[2026-07-06T09:09:25.146+0000] {manager.py:485} INFO - Checking for new files in /opt/airflow/dags every 300 seconds
[2026-07-06T09:09:25.148+0000] {manager.py:821} INFO - Searching for files in /opt/airflow/dags
[2026-07-06T09:09:25.175+0000] {manager.py:824} INFO - There are 1 files in /opt/airflow/dags
[2026-07-06T09:09:25.519+0000] {manager.py:997} INFO - 
================================================================================
DAG File Processing Stats

File Path                 PID    Runtime      # DAGs    # Errors  Last Runtime    Last Run               Last # of DB Queries
------------------------  -----  ---------  --------  ----------  --------------  -------------------  ----------------------
/opt/airflow/dags/dag.py                           1           0  0.21s           2026-07-06T09:09:25                      12
================================================================================
[2026-07-06T09:09:56.738+0000] {manager.py:997} INFO - 
================================================================================
DAG File Processing Stats

File Path                 PID    Runtime      # DAGs    # Errors  Last Runtime    Last Run               Last # of DB Queries
------------------------  -----  ---------  --------  ----------  --------------  -------------------  ----------------------
/opt/airflow/dags/dag.py                           1           0  0.22s           2026-07-06T09:09:56                      12
================================================================================
[2026-07-06T09:10:39.385+0000] {manager.py:997} INFO - 
================================================================================
DAG File Processing Stats

File Path                 PID    Runtime      # DAGs    # Errors  Last Runtime    Last Run               Last # of DB Queries
------------------------  -----  ---------  --------  ----------  --------------  -------------------  ----------------------
/opt/airflow/dags/dag.py                           1           0  0.21s           2026-07-06T09:10:39                      12
================================================================================
[2026-07-06T09:11:10.870+0000] {manager.py:997} INFO - 
================================================================================
DAG File Processing Stats

File Path                 PID    Runtime      # DAGs    # Errors  Last Runtime    Last Run               Last # of DB Queries
------------------------  -----  ---------  --------  ----------  --------------  -------------------  ----------------------
/opt/airflow/dags/dag.py                           1           0  0.43s           2026-07-06T09:11:10                      12
================================================================================
[2026-07-06T09:11:42.103+0000] {manager.py:997} INFO - 
================================================================================
DAG File Processing Stats

File Path                 PID    Runtime      # DAGs    # Errors  Last Runtime    Last Run               Last # of DB Queries
------------------------  -----  ---------  --------  ----------  --------------  -------------------  ----------------------
/opt/airflow/dags/dag.py                           1           0  0.32s           2026-07-06T09:11:42                      12
================================================================================
[2026-07-06T09:12:15.298+0000] {manager.py:997} INFO - 
================================================================================
DAG File Processing Stats

File Path                 PID    Runtime      # DAGs    # Errors  Last Runtime    Last Run               Last # of DB Queries
------------------------  -----  ---------  --------  ----------  --------------  -------------------  ----------------------
/opt/airflow/dags/dag.py                           1           0  0.31s           2026-07-06T09:12:15                      12
================================================================================
[2026-07-06T09:12:46.185+0000] {manager.py:997} INFO - 
================================================================================
DAG File Processing Stats

File Path                 PID    Runtime      # DAGs    # Errors  Last Runtime    Last Run               Last # of DB Queries
------------------------  -----  ---------  --------  ----------  --------------  -------------------  ----------------------
/opt/airflow/dags/dag.py                           1           0  0.42s           2026-07-06T09:12:46                      12
================================================================================
[2026-07-06T09:13:17.066+0000] {manager.py:997} INFO - 
================================================================================
DAG File Processing Stats

File Path                 PID    Runtime      # DAGs    # Errors  Last Runtime    Last Run               Last # of DB Queries
------------------------  -----  ---------  --------  ----------  --------------  -------------------  ----------------------
/opt/airflow/dags/dag.py                           1           0  0.41s           2026-07-06T09:13:17                      12
================================================================================
[2026-07-06T09:13:48.053+0000] {manager.py:997} INFO - 
================================================================================
DAG File Processing Stats

File Path                 PID    Runtime      # DAGs    # Errors  Last Runtime    Last Run               Last # of DB Queries
------------------------  -----  ---------  --------  ----------  --------------  -------------------  ----------------------
/opt/airflow/dags/dag.py                           1           0  0.31s           2026-07-06T09:13:48                      12
================================================================================
[2026-07-06T09:14:18.588+0000] {manager.py:997} INFO - 
================================================================================
DAG File Processing Stats

File Path                 PID    Runtime      # DAGs    # Errors  Last Runtime    Last Run               Last # of DB Queries
------------------------  -----  ---------  --------  ----------  --------------  -------------------  ----------------------
/opt/airflow/dags/dag.py                           1           0  0.31s           2026-07-06T09:14:18                      12
================================================================================
[2026-07-06T09:14:26.169+0000] {manager.py:821} INFO - Searching for files in /opt/airflow/dags
[2026-07-06T09:14:26.265+0000] {manager.py:824} INFO - There are 1 files in /opt/airflow/dags
[2026-07-06T09:14:49.024+0000] {manager.py:997} INFO - 
================================================================================
DAG File Processing Stats

File Path                 PID    Runtime      # DAGs    # Errors  Last Runtime    Last Run               Last # of DB Queries
------------------------  -----  ---------  --------  ----------  --------------  -------------------  ----------------------
/opt/airflow/dags/dag.py                           1           0  0.31s           2026-07-06T09:14:49                      12
================================================================================
[2026-07-06T09:15:19.656+0000] {manager.py:997} INFO - 
================================================================================
DAG File Processing Stats

File Path                 PID    Runtime      # DAGs    # Errors  Last Runtime    Last Run               Last # of DB Queries
------------------------  -----  ---------  --------  ----------  --------------  -------------------  ----------------------
/opt/airflow/dags/dag.py                           1           0  0.41s           2026-07-06T09:15:19                      12
================================================================================
[2026-07-06T09:15:50.109+0000] {manager.py:997} INFO - 
================================================================================
DAG File Processing Stats

File Path                 PID    Runtime      # DAGs    # Errors  Last Runtime    Last Run               Last # of DB Queries
------------------------  -----  ---------  --------  ----------  --------------  -------------------  ----------------------
/opt/airflow/dags/dag.py                           1           0  0.21s           2026-07-06T09:15:50                      12
================================================================================
[2026-07-06T09:16:20.610+0000] {manager.py:997} INFO - 
================================================================================
DAG File Processing Stats

File Path                 PID    Runtime      # DAGs    # Errors  Last Runtime    Last Run               Last # of DB Queries
------------------------  -----  ---------  --------  ----------  --------------  -------------------  ----------------------
/opt/airflow/dags/dag.py                           1           0  0.31s           2026-07-06T09:16:20                      12
================================================================================
[2026-07-06T09:16:51.224+0000] {manager.py:997} INFO - 
================================================================================
DAG File Processing Stats

File Path                 PID    Runtime      # DAGs    # Errors  Last Runtime    Last Run               Last # of DB Queries
------------------------  -----  ---------  --------  ----------  --------------  -------------------  ----------------------
/opt/airflow/dags/dag.py                           1           0  0.41s           2026-07-06T09:16:51                      12
================================================================================
[2026-07-06T09:17:18.629+0000] {manager.py:465} INFO - Exiting gracefully upon receiving signal 15
