[2026-07-06T09:19:02.937+0000] {local_task_job_runner.py:123} INFO - ::group::Pre task execution logs
[2026-07-06T09:19:02.961+0000] {taskinstance.py:2603} INFO - Dependencies all met for dep_context=non-requeueable deps ti=<TaskInstance: real_estate_pipeline.dbt_run_gold scheduled__2026-07-05T00:00:00+00:00 [queued]>
[2026-07-06T09:19:02.976+0000] {taskinstance.py:2603} INFO - Dependencies all met for dep_context=requeueable deps ti=<TaskInstance: real_estate_pipeline.dbt_run_gold scheduled__2026-07-05T00:00:00+00:00 [queued]>
[2026-07-06T09:19:02.978+0000] {taskinstance.py:2856} INFO - Starting attempt 1 of 2
[2026-07-06T09:19:03.023+0000] {taskinstance.py:2879} INFO - Executing <Task(BashOperator): dbt_run_gold> on 2026-07-05 00:00:00+00:00
[2026-07-06T09:19:03.033+0000] {standard_task_runner.py:72} INFO - Started process 92 to run task
[2026-07-06T09:19:03.043+0000] {standard_task_runner.py:104} INFO - Running: ['airflow', 'tasks', 'run', 'real_estate_pipeline', 'dbt_run_gold', 'scheduled__2026-07-05T00:00:00+00:00', '--job-id', '14', '--raw', '--subdir', 'DAGS_FOLDER/dag.py', '--cfg-path', '/tmp/tmpw58_v1w1']
[2026-07-06T09:19:03.048+0000] {standard_task_runner.py:105} INFO - Job 14: Subtask dbt_run_gold
[2026-07-06T09:19:03.135+0000] {task_command.py:467} INFO - Running <TaskInstance: real_estate_pipeline.dbt_run_gold scheduled__2026-07-05T00:00:00+00:00 [running]> on host 50dc96d589c4
[2026-07-06T09:19:03.282+0000] {taskinstance.py:3122} INFO - Exporting env vars: AIRFLOW_CTX_DAG_OWNER='data-team' AIRFLOW_CTX_DAG_ID='real_estate_pipeline' AIRFLOW_CTX_TASK_ID='dbt_run_gold' AIRFLOW_CTX_EXECUTION_DATE='2026-07-05T00:00:00+00:00' AIRFLOW_CTX_TRY_NUMBER='1' AIRFLOW_CTX_DAG_RUN_ID='scheduled__2026-07-05T00:00:00+00:00'
[2026-07-06T09:19:03.285+0000] {taskinstance.py:731} INFO - ::endgroup::
[2026-07-06T09:19:03.315+0000] {subprocess.py:63} INFO - Tmp dir root location: /tmp
[2026-07-06T09:19:03.317+0000] {subprocess.py:75} INFO - Running command: ['/usr/bin/bash', '-c', 'cd /opt/airflow/dbt && dbt run --select gold --profiles-dir /opt/airflow/dbt']
[2026-07-06T09:19:03.336+0000] {subprocess.py:86} INFO - Output:
[2026-07-06T09:19:08.012+0000] {subprocess.py:93} INFO - [0m09:19:08  Running with dbt=1.8.8
[2026-07-06T09:19:09.592+0000] {subprocess.py:93} INFO - [0m09:19:09  Registered adapter: snowflake=1.8.4
[2026-07-06T09:19:09.958+0000] {subprocess.py:93} INFO - [0m09:19:09  [[33mWARNING[0m]: Configuration paths exist in your dbt_project.yml file which do not apply to any resources.
[2026-07-06T09:19:09.960+0000] {subprocess.py:93} INFO - There are 3 unused configuration paths:
[2026-07-06T09:19:09.961+0000] {subprocess.py:93} INFO - - models.real_estate.silver
[2026-07-06T09:19:09.962+0000] {subprocess.py:93} INFO - - models.real_estate
[2026-07-06T09:19:09.965+0000] {subprocess.py:93} INFO - - models.real_estate.gold
[2026-07-06T09:19:10.126+0000] {subprocess.py:93} INFO - [0m09:19:10  Found 454 macros
[2026-07-06T09:19:10.132+0000] {subprocess.py:93} INFO - [0m09:19:10  The selection criterion 'gold' does not match any enabled nodes
[2026-07-06T09:19:10.135+0000] {subprocess.py:93} INFO - [0m09:19:10
[2026-07-06T09:19:10.137+0000] {subprocess.py:93} INFO - [0m09:19:10  Nothing to do. Try checking your model configs and model specification args
[2026-07-06T09:19:11.672+0000] {subprocess.py:97} INFO - Command exited with return code 0
[2026-07-06T09:19:11.718+0000] {taskinstance.py:340} INFO - ::group::Post task execution logs
[2026-07-06T09:19:11.721+0000] {taskinstance.py:352} INFO - Marking task as SUCCESS. dag_id=real_estate_pipeline, task_id=dbt_run_gold, run_id=scheduled__2026-07-05T00:00:00+00:00, execution_date=20260705T000000, start_date=20260706T091902, end_date=20260706T091911
[2026-07-06T09:19:11.777+0000] {local_task_job_runner.py:261} INFO - Task exited with return code 0
[2026-07-06T09:19:11.797+0000] {taskinstance.py:3891} INFO - 1 downstream tasks scheduled from follow-on schedule check
[2026-07-06T09:19:11.813+0000] {local_task_job_runner.py:240} INFO - ::endgroup::
