[2026-07-06T09:12:08.074+0000] {local_task_job_runner.py:123} INFO - ::group::Pre task execution logs
[2026-07-06T09:12:08.114+0000] {taskinstance.py:2603} INFO - Dependencies all met for dep_context=non-requeueable deps ti=<TaskInstance: real_estate_pipeline.dbt_run_silver scheduled__2026-07-05T00:00:00+00:00 [queued]>
[2026-07-06T09:12:08.129+0000] {taskinstance.py:2603} INFO - Dependencies all met for dep_context=requeueable deps ti=<TaskInstance: real_estate_pipeline.dbt_run_silver scheduled__2026-07-05T00:00:00+00:00 [queued]>
[2026-07-06T09:12:08.130+0000] {taskinstance.py:2856} INFO - Starting attempt 1 of 2
[2026-07-06T09:12:08.163+0000] {taskinstance.py:2879} INFO - Executing <Task(BashOperator): dbt_run_silver> on 2026-07-05 00:00:00+00:00
[2026-07-06T09:12:08.170+0000] {standard_task_runner.py:72} INFO - Started process 92 to run task
[2026-07-06T09:12:08.182+0000] {standard_task_runner.py:104} INFO - Running: ['airflow', 'tasks', 'run', 'real_estate_pipeline', 'dbt_run_silver', 'scheduled__2026-07-05T00:00:00+00:00', '--job-id', '8', '--raw', '--subdir', 'DAGS_FOLDER/dag.py', '--cfg-path', '/tmp/tmpuhj633c8']
[2026-07-06T09:12:08.188+0000] {standard_task_runner.py:105} INFO - Job 8: Subtask dbt_run_silver
[2026-07-06T09:12:08.297+0000] {task_command.py:467} INFO - Running <TaskInstance: real_estate_pipeline.dbt_run_silver scheduled__2026-07-05T00:00:00+00:00 [running]> on host d9f7a7b3e3a5
[2026-07-06T09:12:08.446+0000] {taskinstance.py:3122} INFO - Exporting env vars: AIRFLOW_CTX_DAG_OWNER='data-team' AIRFLOW_CTX_DAG_ID='real_estate_pipeline' AIRFLOW_CTX_TASK_ID='dbt_run_silver' AIRFLOW_CTX_EXECUTION_DATE='2026-07-05T00:00:00+00:00' AIRFLOW_CTX_TRY_NUMBER='1' AIRFLOW_CTX_DAG_RUN_ID='scheduled__2026-07-05T00:00:00+00:00'
[2026-07-06T09:12:08.448+0000] {taskinstance.py:731} INFO - ::endgroup::
[2026-07-06T09:12:08.468+0000] {subprocess.py:63} INFO - Tmp dir root location: /tmp
[2026-07-06T09:12:08.471+0000] {subprocess.py:75} INFO - Running command: ['/usr/bin/bash', '-c', 'cd /opt/airflow/dbt && dbt run --select silver --profiles-dir /opt/airflow/dbt']
[2026-07-06T09:12:08.486+0000] {subprocess.py:86} INFO - Output:
[2026-07-06T09:12:13.066+0000] {subprocess.py:93} INFO - [0m09:12:13  Running with dbt=1.8.8
[2026-07-06T09:12:13.072+0000] {subprocess.py:93} INFO - [0m09:12:13  Encountered an error:
[2026-07-06T09:12:13.074+0000] {subprocess.py:93} INFO - Runtime Error
[2026-07-06T09:12:13.075+0000] {subprocess.py:93} INFO -   No dbt_project.yml found at expected path /opt/airflow/dbt/dbt_project.yml
[2026-07-06T09:12:13.077+0000] {subprocess.py:93} INFO -   Verify that each entry within packages.yml (and their transitive dependencies) contains a file named dbt_project.yml
[2026-07-06T09:12:13.079+0000] {subprocess.py:93} INFO - 
[2026-07-06T09:12:14.099+0000] {subprocess.py:97} INFO - Command exited with return code 2
[2026-07-06T09:12:14.112+0000] {taskinstance.py:3301} ERROR - Task failed with exception
Traceback (most recent call last):
  File "/home/airflow/.local/lib/python3.11/site-packages/airflow/models/taskinstance.py", line 767, in _execute_task
    result = _execute_callable(context=context, **execute_callable_kwargs)
             ^^^^^^^^^^^^^^^^^^^^^^^^^^^^^^^^^^^^^^^^^^^^^^^^^^^^^^^^^^^^^
  File "/home/airflow/.local/lib/python3.11/site-packages/airflow/models/taskinstance.py", line 733, in _execute_callable
    return ExecutionCallableRunner(
           ^^^^^^^^^^^^^^^^^^^^^^^^
  File "/home/airflow/.local/lib/python3.11/site-packages/airflow/utils/operator_helpers.py", line 252, in run
    return self.func(*args, **kwargs)
           ^^^^^^^^^^^^^^^^^^^^^^^^^^
  File "/home/airflow/.local/lib/python3.11/site-packages/airflow/models/baseoperator.py", line 406, in wrapper
    return func(self, *args, **kwargs)
           ^^^^^^^^^^^^^^^^^^^^^^^^^^^
  File "/home/airflow/.local/lib/python3.11/site-packages/airflow/operators/bash.py", line 249, in execute
    raise AirflowException(
airflow.exceptions.AirflowException: Bash command failed. The command returned a non-zero exit code 2.
[2026-07-06T09:12:14.123+0000] {taskinstance.py:1225} INFO - Marking task as UP_FOR_RETRY. dag_id=real_estate_pipeline, task_id=dbt_run_silver, run_id=scheduled__2026-07-05T00:00:00+00:00, execution_date=20260705T000000, start_date=20260706T091208, end_date=20260706T091214
[2026-07-06T09:12:14.165+0000] {taskinstance.py:340} INFO - ::group::Post task execution logs
[2026-07-06T09:12:14.169+0000] {standard_task_runner.py:124} ERROR - Failed to execute job 8 for task dbt_run_silver (Bash command failed. The command returned a non-zero exit code 2.; 92)
Traceback (most recent call last):
  File "/home/airflow/.local/lib/python3.11/site-packages/airflow/task/task_runner/standard_task_runner.py", line 117, in _start_by_fork
    ret = args.func(args, dag=self.dag)
          ^^^^^^^^^^^^^^^^^^^^^^^^^^^^^
  File "/home/airflow/.local/lib/python3.11/site-packages/airflow/cli/cli_config.py", line 49, in command
    return func(*args, **kwargs)
           ^^^^^^^^^^^^^^^^^^^^^
  File "/home/airflow/.local/lib/python3.11/site-packages/airflow/utils/cli.py", line 115, in wrapper
    return f(*args, **kwargs)
           ^^^^^^^^^^^^^^^^^^
  File "/home/airflow/.local/lib/python3.11/site-packages/airflow/cli/commands/task_command.py", line 483, in task_run
    task_return_code = _run_task_by_selected_method(args, _dag, ti)
                       ^^^^^^^^^^^^^^^^^^^^^^^^^^^^^^^^^^^^^^^^^^^^
  File "/home/airflow/.local/lib/python3.11/site-packages/airflow/cli/commands/task_command.py", line 256, in _run_task_by_selected_method
    return _run_raw_task(args, ti)
           ^^^^^^^^^^^^^^^^^^^^^^^
  File "/home/airflow/.local/lib/python3.11/site-packages/airflow/cli/commands/task_command.py", line 341, in _run_raw_task
    return ti._run_raw_task(
           ^^^^^^^^^^^^^^^^^
  File "/home/airflow/.local/lib/python3.11/site-packages/airflow/utils/session.py", line 97, in wrapper
    return func(*args, session=session, **kwargs)
           ^^^^^^^^^^^^^^^^^^^^^^^^^^^^^^^^^^^^^^
  File "/home/airflow/.local/lib/python3.11/site-packages/airflow/models/taskinstance.py", line 2995, in _run_raw_task
    return _run_raw_task(
           ^^^^^^^^^^^^^^
  File "/home/airflow/.local/lib/python3.11/site-packages/airflow/models/taskinstance.py", line 273, in _run_raw_task
    TaskInstance._execute_task_with_callbacks(
  File "/home/airflow/.local/lib/python3.11/site-packages/airflow/models/taskinstance.py", line 3149, in _execute_task_with_callbacks
    result = self._execute_task(context, task_orig)
             ^^^^^^^^^^^^^^^^^^^^^^^^^^^^^^^^^^^^^^
  File "/home/airflow/.local/lib/python3.11/site-packages/airflow/models/taskinstance.py", line 3173, in _execute_task
    return _execute_task(self, context, task_orig)
           ^^^^^^^^^^^^^^^^^^^^^^^^^^^^^^^^^^^^^^^
  File "/home/airflow/.local/lib/python3.11/site-packages/airflow/models/taskinstance.py", line 767, in _execute_task
    result = _execute_callable(context=context, **execute_callable_kwargs)
             ^^^^^^^^^^^^^^^^^^^^^^^^^^^^^^^^^^^^^^^^^^^^^^^^^^^^^^^^^^^^^
  File "/home/airflow/.local/lib/python3.11/site-packages/airflow/models/taskinstance.py", line 733, in _execute_callable
    return ExecutionCallableRunner(
           ^^^^^^^^^^^^^^^^^^^^^^^^
  File "/home/airflow/.local/lib/python3.11/site-packages/airflow/utils/operator_helpers.py", line 252, in run
    return self.func(*args, **kwargs)
           ^^^^^^^^^^^^^^^^^^^^^^^^^^
  File "/home/airflow/.local/lib/python3.11/site-packages/airflow/models/baseoperator.py", line 406, in wrapper
    return func(self, *args, **kwargs)
           ^^^^^^^^^^^^^^^^^^^^^^^^^^^
  File "/home/airflow/.local/lib/python3.11/site-packages/airflow/operators/bash.py", line 249, in execute
    raise AirflowException(
airflow.exceptions.AirflowException: Bash command failed. The command returned a non-zero exit code 2.
[2026-07-06T09:12:14.212+0000] {local_task_job_runner.py:261} INFO - Task exited with return code 1
[2026-07-06T09:12:14.234+0000] {taskinstance.py:3891} INFO - 0 downstream tasks scheduled from follow-on schedule check
[2026-07-06T09:12:14.236+0000] {local_task_job_runner.py:240} INFO - ::endgroup::
