[2026-07-06T09:18:08.719+0000] {local_task_job_runner.py:123} INFO - ::group::Pre task execution logs
[2026-07-06T09:18:08.735+0000] {taskinstance.py:2603} INFO - Dependencies all met for dep_context=non-requeueable deps ti=<TaskInstance: real_estate_pipeline.dbt_run_silver scheduled__2026-07-05T00:00:00+00:00 [queued]>
[2026-07-06T09:18:08.746+0000] {taskinstance.py:2603} INFO - Dependencies all met for dep_context=requeueable deps ti=<TaskInstance: real_estate_pipeline.dbt_run_silver scheduled__2026-07-05T00:00:00+00:00 [queued]>
[2026-07-06T09:18:08.747+0000] {taskinstance.py:2856} INFO - Starting attempt 3 of 2
[2026-07-06T09:18:08.776+0000] {taskinstance.py:2879} INFO - Executing <Task(BashOperator): dbt_run_silver> on 2026-07-05 00:00:00+00:00
[2026-07-06T09:18:08.783+0000] {standard_task_runner.py:72} INFO - Started process 40 to run task
[2026-07-06T09:18:08.787+0000] {standard_task_runner.py:104} INFO - Running: ['airflow', 'tasks', 'run', 'real_estate_pipeline', 'dbt_run_silver', 'scheduled__2026-07-05T00:00:00+00:00', '--job-id', '11', '--raw', '--subdir', 'DAGS_FOLDER/dag.py', '--cfg-path', '/tmp/tmp1113gdr5']
[2026-07-06T09:18:08.791+0000] {standard_task_runner.py:105} INFO - Job 11: Subtask dbt_run_silver
[2026-07-06T09:18:08.854+0000] {task_command.py:467} INFO - Running <TaskInstance: real_estate_pipeline.dbt_run_silver scheduled__2026-07-05T00:00:00+00:00 [running]> on host 50dc96d589c4
[2026-07-06T09:18:08.942+0000] {taskinstance.py:3122} INFO - Exporting env vars: AIRFLOW_CTX_DAG_OWNER='data-team' AIRFLOW_CTX_DAG_ID='real_estate_pipeline' AIRFLOW_CTX_TASK_ID='dbt_run_silver' AIRFLOW_CTX_EXECUTION_DATE='2026-07-05T00:00:00+00:00' AIRFLOW_CTX_TRY_NUMBER='3' AIRFLOW_CTX_DAG_RUN_ID='scheduled__2026-07-05T00:00:00+00:00'
[2026-07-06T09:18:08.944+0000] {taskinstance.py:731} INFO - ::endgroup::
[2026-07-06T09:18:08.983+0000] {subprocess.py:63} INFO - Tmp dir root location: /tmp
[2026-07-06T09:18:08.985+0000] {subprocess.py:75} INFO - Running command: ['/usr/bin/bash', '-c', 'cd /opt/airflow/dbt && dbt run --select silver --profiles-dir /opt/airflow/dbt']
[2026-07-06T09:18:09.000+0000] {subprocess.py:86} INFO - Output:
[2026-07-06T09:18:14.625+0000] {subprocess.py:93} INFO - [0m09:18:14  Running with dbt=1.8.8
[2026-07-06T09:18:17.762+0000] {subprocess.py:93} INFO - [0m09:18:17  Registered adapter: snowflake=1.8.4
[2026-07-06T09:18:17.795+0000] {subprocess.py:93} INFO - [0m09:18:17  Unable to do partial parsing because saved manifest not found. Starting full parse.
[2026-07-06T09:18:20.191+0000] {subprocess.py:93} INFO - [0m09:18:20  [[33mWARNING[0m]: Configuration paths exist in your dbt_project.yml file which do not apply to any resources.
[2026-07-06T09:18:20.193+0000] {subprocess.py:93} INFO - There are 3 unused configuration paths:
[2026-07-06T09:18:20.194+0000] {subprocess.py:93} INFO - - models.real_estate.gold
[2026-07-06T09:18:20.195+0000] {subprocess.py:93} INFO - - models.real_estate
[2026-07-06T09:18:20.196+0000] {subprocess.py:93} INFO - - models.real_estate.silver
[2026-07-06T09:18:20.818+0000] {subprocess.py:93} INFO - [0m09:18:20  Found 454 macros
[2026-07-06T09:18:20.823+0000] {subprocess.py:93} INFO - [0m09:18:20  The selection criterion 'silver' does not match any enabled nodes
[2026-07-06T09:18:20.828+0000] {subprocess.py:93} INFO - [0m09:18:20
[2026-07-06T09:18:20.831+0000] {subprocess.py:93} INFO - [0m09:18:20  Nothing to do. Try checking your model configs and model specification args
[2026-07-06T09:18:22.454+0000] {subprocess.py:97} INFO - Command exited with return code 0
[2026-07-06T09:18:22.583+0000] {taskinstance.py:340} INFO - ::group::Post task execution logs
[2026-07-06T09:18:22.585+0000] {taskinstance.py:352} INFO - Marking task as SUCCESS. dag_id=real_estate_pipeline, task_id=dbt_run_silver, run_id=scheduled__2026-07-05T00:00:00+00:00, execution_date=20260705T000000, start_date=20260706T091808, end_date=20260706T091822
[2026-07-06T09:18:22.652+0000] {local_task_job_runner.py:261} INFO - Task exited with return code 0
[2026-07-06T09:18:22.692+0000] {taskinstance.py:3891} INFO - 1 downstream tasks scheduled from follow-on schedule check
[2026-07-06T09:18:22.708+0000] {local_task_job_runner.py:240} INFO - ::endgroup::
